0 info it worked if it ends with ok
1 verbose cli [ 'C:\\Program Files\\nodejs\\node.exe',
1 verbose cli   'C:\\Users\\Yuri Ramos\\AppData\\Roaming\\npm\\node_modules\\npm\\bin\\npm-cli.js',
1 verbose cli   'run',
1 verbose cli   'test:coverage' ]
2 info using npm@6.14.2
3 info using node@v10.16.3
4 verbose run-script [ 'pretest:coverage', 'test:coverage', 'posttest:coverage' ]
5 info lifecycle react-micro-blog@0.1.0~pretest:coverage: react-micro-blog@0.1.0
6 info lifecycle react-micro-blog@0.1.0~test:coverage: react-micro-blog@0.1.0
7 verbose lifecycle react-micro-blog@0.1.0~test:coverage: unsafe-perm in lifecycle true
8 verbose lifecycle react-micro-blog@0.1.0~test:coverage: PATH: C:\Users\Yuri Ramos\AppData\Roaming\npm\node_modules\npm\node_modules\npm-lifecycle\node-gyp-bin;C:\projects\react-micro-blog\node_modules\.bin;C:\Users\Yuri Ramos\bin;C:\Program Files\Git\mingw64\bin;C:\Program Files\Git\usr\local\bin;C:\Program Files\Git\usr\bin;C:\Program Files\Git\usr\bin;C:\Program Files\Git\mingw64\bin;C:\Program Files\Git\usr\bin;C:\Users\Yuri Ramos\bin;C:\Windows\system32;C:\Windows;C:\Windows\System32\Wbem;C:\Windows\System32\WindowsPowerShell\v1.0;C:\Windows\System32\OpenSSH;C:\Program Files (x86)\NVIDIA Corporation\PhysX\Common;C:\Program Files (x86)\Intel\Intel(R) Management Engine Components\DAL;C:\Program Files\Intel\Intel(R) Management Engine Components\DAL;C:\WINDOWS\system32;C:\WINDOWS;C:\WINDOWS\System32\Wbem;C:\WINDOWS\System32\WindowsPowerShell\v1.0;C:\WINDOWS\System32\OpenSSH;C:\Program Files\nodejs;C:\Users\Yuri Ramos\AppData\Local\Microsoft\WindowsApps;C:\Users\Yuri Ramos\AppData\Local\Programs\Microsoft VS Code\bin;C:\Users\Yuri Ramos\AppData\Roaming\npm;C:\Program Files\Git\usr\bin\vendor_perl;C:\Program Files\Git\usr\bin\core_perl
9 verbose lifecycle react-micro-blog@0.1.0~test:coverage: CWD: C:\projects\react-micro-blog
10 silly lifecycle react-micro-blog@0.1.0~test:coverage: Args: [ '/d /s /c', ' jest --coverage --runInBand' ]
11 silly lifecycle react-micro-blog@0.1.0~test:coverage: Returned: code: 1  signal: null
12 info lifecycle react-micro-blog@0.1.0~test:coverage: Failed to exec test:coverage script
13 verbose stack Error: react-micro-blog@0.1.0 test:coverage: ` jest --coverage --runInBand`
13 verbose stack Exit status 1
13 verbose stack     at EventEmitter.<anonymous> (C:\Users\Yuri Ramos\AppData\Roaming\npm\node_modules\npm\node_modules\npm-lifecycle\index.js:332:16)
13 verbose stack     at EventEmitter.emit (events.js:198:13)
13 verbose stack     at ChildProcess.<anonymous> (C:\Users\Yuri Ramos\AppData\Roaming\npm\node_modules\npm\node_modules\npm-lifecycle\lib\spawn.js:55:14)
13 verbose stack     at ChildProcess.emit (events.js:198:13)
13 verbose stack     at maybeClose (internal/child_process.js:982:16)
13 verbose stack     at Process.ChildProcess._handle.onexit (internal/child_process.js:259:5)
14 verbose pkgid react-micro-blog@0.1.0
15 verbose cwd C:\projects\react-micro-blog
16 verbose Windows_NT 10.0.18362
17 verbose argv "C:\\Program Files\\nodejs\\node.exe" "C:\\Users\\Yuri Ramos\\AppData\\Roaming\\npm\\node_modules\\npm\\bin\\npm-cli.js" "run" "test:coverage"
18 verbose node v10.16.3
19 verbose npm  v6.14.2
20 error code ELIFECYCLE
21 error errno 1
22 error react-micro-blog@0.1.0 test:coverage: ` jest --coverage --runInBand`
22 error Exit status 1
23 error Failed at the react-micro-blog@0.1.0 test:coverage script.
23 error This is probably not a problem with npm. There is likely additional logging output above.
24 verbose exit [ 1, true ]
